<?xml version="1.0" encoding="UTF-8"?>
<!-- Generated by org.testng.reporters.JUnitReportReporter -->
<testsuite hostname="hp15s11" failures="0" tests="1" name="automationtest.Etriptest" time="52.164" errors="0" timestamp="2023-10-28T21:16:51 IST" skipped="0">
  <testcase classname="automationtest.Etriptest" name="test" time="52.164"/>
  <system-out/>
</testsuite> <!-- automationtest.Etriptest -->
